@(#)$CDS: LVS.exe version 5.1.0 06/20/2007 02:10 (cicln03) $

Command line: /ensc/CMC/tools/cadence/IC5141USR5_lnx86/tools.lnx86/dfII/bin/32bit/LVS.exe -dir /local-scratch/localhome/escmc27/ensc450/CDS/LVS -l /local-scratch/localhome/escmc27/ensc450/CDS/LVS/layout /local-scratch/localhome/escmc27/ensc450/CDS/LVS/schematic
Like matching is enabled.

    Net-list summary for /local-scratch/localhome/escmc27/ensc450/CDS/LVS/layout/netlist
       count
	4		nets
	4		terminals
	1		nfet
	1		pfet

    Net-list summary for /local-scratch/localhome/escmc27/ensc450/CDS/LVS/schematic/netlist
       count
	4		nets
	4		terminals
	1		nfet
	1		pfet

Devices in the netlist but not in the rules:
        nfet pfet

The net-lists match.

			     layout  schematic
				instances
	un-matched		0	0
	rewired			0	0
	size errors		0	0
	pruned			0	0
	active			2	2
	total			2	2

				  nets
	un-matched		0	0
	merged			0	0
	pruned			0	0
	active			4	4
	total			4	4

				terminals
	un-matched		0	0
	matched but
	different type		0	0
	total			4	4


Probe files from /local-scratch/localhome/escmc27/ensc450/CDS/LVS/schematic

devbad.out:

netbad.out:

mergenet.out:

termbad.out:

prunenet.out:

prunedev.out:

audit.out:


Probe files from /local-scratch/localhome/escmc27/ensc450/CDS/LVS/layout

devbad.out:

netbad.out:

mergenet.out:

termbad.out:

prunenet.out:

prunedev.out:

audit.out:
